[2024-12-03T14:15:14.461+0000] {local_task_job_runner.py:120} INFO - ::group::Pre task execution logs
[2024-12-03T14:15:14.624+0000] {taskinstance.py:2073} INFO - Dependencies all met for dep_context=non-requeueable deps ti=<TaskInstance: etl_process_dag.load_transaction_data manual__2024-12-03T14:15:08.531519+00:00 [queued]>
[2024-12-03T14:15:14.635+0000] {taskinstance.py:2073} INFO - Dependencies all met for dep_context=requeueable deps ti=<TaskInstance: etl_process_dag.load_transaction_data manual__2024-12-03T14:15:08.531519+00:00 [queued]>
[2024-12-03T14:15:14.635+0000] {taskinstance.py:2303} INFO - Starting attempt 1 of 1
[2024-12-03T14:15:14.650+0000] {taskinstance.py:2327} INFO - Executing <Task(PythonOperator): load_transaction_data> on 2024-12-03 14:15:08.531519+00:00
[2024-12-03T14:15:14.657+0000] {standard_task_runner.py:63} INFO - Started process 8011 to run task
[2024-12-03T14:15:14.660+0000] {standard_task_runner.py:90} INFO - Running: ['***', 'tasks', 'run', 'etl_process_dag', 'load_transaction_data', 'manual__2024-12-03T14:15:08.531519+00:00', '--job-id', '187', '--raw', '--subdir', 'DAGS_FOLDER/etl_sales.py', '--cfg-path', '/tmp/tmpbx4enqsr']
[2024-12-03T14:15:14.663+0000] {standard_task_runner.py:91} INFO - Job 187: Subtask load_transaction_data
[2024-12-03T14:15:14.710+0000] {task_command.py:426} INFO - Running <TaskInstance: etl_process_dag.load_transaction_data manual__2024-12-03T14:15:08.531519+00:00 [running]> on host a6f8f8b1d92d
[2024-12-03T14:15:14.828+0000] {taskinstance.py:2644} INFO - Exporting env vars: AIRFLOW_CTX_DAG_OWNER='k.norasit' AIRFLOW_CTX_DAG_ID='etl_process_dag' AIRFLOW_CTX_TASK_ID='load_transaction_data' AIRFLOW_CTX_EXECUTION_DATE='2024-12-03T14:15:08.531519+00:00' AIRFLOW_CTX_TRY_NUMBER='1' AIRFLOW_CTX_DAG_RUN_ID='manual__2024-12-03T14:15:08.531519+00:00'
[2024-12-03T14:15:14.829+0000] {taskinstance.py:430} INFO - ::endgroup::
[2024-12-03T14:15:14.958+0000] {logging_mixin.py:188} INFO - Skipping already loaded file: sales_2024_03_01.csv
[2024-12-03T14:15:14.958+0000] {logging_mixin.py:188} INFO - Skipping already loaded file: sales_2024_03_02.csv
[2024-12-03T14:15:14.959+0000] {logging_mixin.py:188} INFO - Skipping already loaded file: sales_2024_03_03.csv
[2024-12-03T14:15:14.959+0000] {logging_mixin.py:188} INFO - Skipping already loaded file: sales_2024_03_04.csv
[2024-12-03T14:15:14.959+0000] {logging_mixin.py:188} INFO - Skipping already loaded file: sales_2024_03_05.csv
[2024-12-03T14:15:14.959+0000] {logging_mixin.py:188} INFO - Skipping already loaded file: sales_2024_03_06.csv
[2024-12-03T14:15:14.960+0000] {logging_mixin.py:188} INFO - Skipping already loaded file: sales_2024_03_07.csv
[2024-12-03T14:15:14.960+0000] {python.py:237} INFO - Done. Returned value was: None
[2024-12-03T14:15:14.961+0000] {taskinstance.py:441} INFO - ::group::Post task execution logs
[2024-12-03T14:15:14.968+0000] {taskinstance.py:1205} INFO - Marking task as SUCCESS. dag_id=etl_process_dag, task_id=load_transaction_data, execution_date=20241203T141508, start_date=20241203T141514, end_date=20241203T141514
[2024-12-03T14:15:14.993+0000] {local_task_job_runner.py:240} INFO - Task exited with return code 0
[2024-12-03T14:15:15.007+0000] {logging_mixin.py:188} WARNING - /home/***/.local/lib/python3.9/site-packages/***/models/baseoperator.py:1296 AirflowProviderDeprecationWarning: Call to deprecated class PostgresOperator. (Please use `***.providers.common.sql.operators.sql.SQLExecuteQueryOperator`.Also, you can provide `hook_params={'schema': <database>}`.)
[2024-12-03T14:15:15.027+0000] {taskinstance.py:3482} INFO - 0 downstream tasks scheduled from follow-on schedule check
[2024-12-03T14:15:15.029+0000] {local_task_job_runner.py:222} INFO - ::endgroup::
