[2024-12-02T14:08:42.847+0000] {manager.py:487} INFO - Processing files using up to 2 processes at a time 
[2024-12-02T14:08:42.848+0000] {manager.py:488} INFO - Process each file at most once every 30 seconds
[2024-12-02T14:08:42.848+0000] {manager.py:489} INFO - Checking for new files in /opt/airflow/dags every 15 seconds
[2024-12-02T14:08:42.848+0000] {manager.py:755} INFO - Searching for files in /opt/airflow/dags
[2024-12-02T14:08:42.849+0000] {manager.py:758} INFO - There are 0 files in /opt/airflow/dags
[2024-12-02T14:08:57.935+0000] {manager.py:755} INFO - Searching for files in /opt/airflow/dags
[2024-12-02T14:08:57.937+0000] {manager.py:758} INFO - There are 0 files in /opt/airflow/dags
[2024-12-02T14:09:13.059+0000] {manager.py:755} INFO - Searching for files in /opt/airflow/dags
[2024-12-02T14:09:13.061+0000] {manager.py:758} INFO - There are 0 files in /opt/airflow/dags
[2024-12-02T14:09:28.172+0000] {manager.py:755} INFO - Searching for files in /opt/airflow/dags
[2024-12-02T14:09:28.173+0000] {manager.py:758} INFO - There are 0 files in /opt/airflow/dags
[2024-12-02T14:09:43.301+0000] {manager.py:755} INFO - Searching for files in /opt/airflow/dags
[2024-12-02T14:09:43.302+0000] {manager.py:758} INFO - There are 0 files in /opt/airflow/dags
[2024-12-02T14:09:58.420+0000] {manager.py:755} INFO - Searching for files in /opt/airflow/dags
[2024-12-02T14:09:58.422+0000] {manager.py:758} INFO - There are 0 files in /opt/airflow/dags
[2024-12-02T14:10:13.545+0000] {manager.py:755} INFO - Searching for files in /opt/airflow/dags
[2024-12-02T14:10:13.546+0000] {manager.py:758} INFO - There are 0 files in /opt/airflow/dags
[2024-12-02T14:10:28.656+0000] {manager.py:755} INFO - Searching for files in /opt/airflow/dags
[2024-12-02T14:10:28.658+0000] {manager.py:758} INFO - There are 0 files in /opt/airflow/dags
[2024-12-02T14:10:43.783+0000] {manager.py:755} INFO - Searching for files in /opt/airflow/dags
[2024-12-02T14:10:43.783+0000] {manager.py:758} INFO - There are 0 files in /opt/airflow/dags
[2024-12-02T14:10:58.882+0000] {manager.py:755} INFO - Searching for files in /opt/airflow/dags
[2024-12-02T14:10:58.884+0000] {manager.py:758} INFO - There are 0 files in /opt/airflow/dags
[2024-12-02T14:11:13.988+0000] {manager.py:755} INFO - Searching for files in /opt/airflow/dags
[2024-12-02T14:11:13.990+0000] {manager.py:758} INFO - There are 0 files in /opt/airflow/dags
[2024-12-02T14:11:29.112+0000] {manager.py:755} INFO - Searching for files in /opt/airflow/dags
[2024-12-02T14:11:29.114+0000] {manager.py:758} INFO - There are 0 files in /opt/airflow/dags
[2024-12-02T14:11:44.234+0000] {manager.py:755} INFO - Searching for files in /opt/airflow/dags
[2024-12-02T14:11:44.234+0000] {manager.py:758} INFO - There are 0 files in /opt/airflow/dags
[2024-12-02T14:11:59.336+0000] {manager.py:755} INFO - Searching for files in /opt/airflow/dags
[2024-12-02T14:11:59.337+0000] {manager.py:758} INFO - There are 0 files in /opt/airflow/dags
[2024-12-02T14:12:14.444+0000] {manager.py:755} INFO - Searching for files in /opt/airflow/dags
[2024-12-02T14:12:14.446+0000] {manager.py:758} INFO - There are 0 files in /opt/airflow/dags
[2024-12-02T14:12:29.573+0000] {manager.py:755} INFO - Searching for files in /opt/airflow/dags
[2024-12-02T14:12:29.575+0000] {manager.py:758} INFO - There are 0 files in /opt/airflow/dags
[2024-12-02T14:12:44.703+0000] {manager.py:755} INFO - Searching for files in /opt/airflow/dags
[2024-12-02T14:12:44.705+0000] {manager.py:758} INFO - There are 0 files in /opt/airflow/dags
[2024-12-02T14:12:59.835+0000] {manager.py:755} INFO - Searching for files in /opt/airflow/dags
[2024-12-02T14:12:59.837+0000] {manager.py:758} INFO - There are 0 files in /opt/airflow/dags
[2024-12-02T14:13:14.944+0000] {manager.py:755} INFO - Searching for files in /opt/airflow/dags
[2024-12-02T14:13:14.946+0000] {manager.py:758} INFO - There are 0 files in /opt/airflow/dags
[2024-12-02T14:13:30.067+0000] {manager.py:755} INFO - Searching for files in /opt/airflow/dags
[2024-12-02T14:13:30.068+0000] {manager.py:758} INFO - There are 0 files in /opt/airflow/dags
[2024-12-02T14:13:45.204+0000] {manager.py:755} INFO - Searching for files in /opt/airflow/dags
[2024-12-02T14:13:45.206+0000] {manager.py:758} INFO - There are 0 files in /opt/airflow/dags
[2024-12-02T14:14:00.334+0000] {manager.py:755} INFO - Searching for files in /opt/airflow/dags
[2024-12-02T14:14:00.335+0000] {manager.py:758} INFO - There are 0 files in /opt/airflow/dags
[2024-12-02T14:14:15.450+0000] {manager.py:755} INFO - Searching for files in /opt/airflow/dags
[2024-12-02T14:14:15.451+0000] {manager.py:758} INFO - There are 0 files in /opt/airflow/dags
[2024-12-02T14:14:30.545+0000] {manager.py:755} INFO - Searching for files in /opt/airflow/dags
[2024-12-02T14:14:30.547+0000] {manager.py:758} INFO - There are 0 files in /opt/airflow/dags
[2024-12-02T14:14:45.674+0000] {manager.py:755} INFO - Searching for files in /opt/airflow/dags
[2024-12-02T14:14:45.675+0000] {manager.py:758} INFO - There are 0 files in /opt/airflow/dags
[2024-12-02T14:15:00.789+0000] {manager.py:755} INFO - Searching for files in /opt/airflow/dags
[2024-12-02T14:15:00.791+0000] {manager.py:758} INFO - There are 0 files in /opt/airflow/dags
[2024-12-02T14:15:15.900+0000] {manager.py:755} INFO - Searching for files in /opt/airflow/dags
[2024-12-02T14:15:15.901+0000] {manager.py:758} INFO - There are 0 files in /opt/airflow/dags
[2024-12-02T14:15:31.002+0000] {manager.py:755} INFO - Searching for files in /opt/airflow/dags
[2024-12-02T14:15:31.003+0000] {manager.py:758} INFO - There are 0 files in /opt/airflow/dags
[2024-12-02T14:15:46.104+0000] {manager.py:755} INFO - Searching for files in /opt/airflow/dags
[2024-12-02T14:15:46.105+0000] {manager.py:758} INFO - There are 0 files in /opt/airflow/dags
[2024-12-02T14:15:55.714+0000] {manager.py:469} INFO - Exiting gracefully upon receiving signal 15
[2024-12-02T14:17:45.799+0000] {manager.py:487} INFO - Processing files using up to 2 processes at a time 
[2024-12-02T14:17:45.810+0000] {manager.py:488} INFO - Process each file at most once every 30 seconds
[2024-12-02T14:17:45.810+0000] {manager.py:489} INFO - Checking for new files in /opt/airflow/dags every 15 seconds
[2024-12-02T14:17:45.811+0000] {manager.py:755} INFO - Searching for files in /opt/airflow/dags
[2024-12-02T14:17:45.812+0000] {manager.py:758} INFO - There are 0 files in /opt/airflow/dags
[2024-12-02T14:18:00.955+0000] {manager.py:755} INFO - Searching for files in /opt/airflow/dags
[2024-12-02T14:18:00.956+0000] {manager.py:758} INFO - There are 0 files in /opt/airflow/dags
[2024-12-02T14:18:16.048+0000] {manager.py:755} INFO - Searching for files in /opt/airflow/dags
[2024-12-02T14:18:16.050+0000] {manager.py:758} INFO - There are 0 files in /opt/airflow/dags
[2024-12-02T14:18:31.170+0000] {manager.py:755} INFO - Searching for files in /opt/airflow/dags
[2024-12-02T14:18:31.172+0000] {manager.py:758} INFO - There are 0 files in /opt/airflow/dags
[2024-12-02T14:18:46.301+0000] {manager.py:755} INFO - Searching for files in /opt/airflow/dags
[2024-12-02T14:18:46.301+0000] {manager.py:758} INFO - There are 0 files in /opt/airflow/dags
[2024-12-02T14:19:01.392+0000] {manager.py:755} INFO - Searching for files in /opt/airflow/dags
[2024-12-02T14:19:01.393+0000] {manager.py:758} INFO - There are 0 files in /opt/airflow/dags
[2024-12-02T14:19:16.511+0000] {manager.py:755} INFO - Searching for files in /opt/airflow/dags
[2024-12-02T14:19:16.513+0000] {manager.py:758} INFO - There are 0 files in /opt/airflow/dags
[2024-12-02T14:19:31.638+0000] {manager.py:755} INFO - Searching for files in /opt/airflow/dags
[2024-12-02T14:19:31.639+0000] {manager.py:758} INFO - There are 0 files in /opt/airflow/dags
[2024-12-02T14:19:46.739+0000] {manager.py:755} INFO - Searching for files in /opt/airflow/dags
[2024-12-02T14:19:46.740+0000] {manager.py:758} INFO - There are 0 files in /opt/airflow/dags
[2024-12-02T14:20:01.848+0000] {manager.py:755} INFO - Searching for files in /opt/airflow/dags
[2024-12-02T14:20:01.849+0000] {manager.py:758} INFO - There are 0 files in /opt/airflow/dags
[2024-12-02T14:20:16.932+0000] {manager.py:755} INFO - Searching for files in /opt/airflow/dags
[2024-12-02T14:20:16.935+0000] {manager.py:758} INFO - There are 0 files in /opt/airflow/dags
[2024-12-02T14:20:32.040+0000] {manager.py:755} INFO - Searching for files in /opt/airflow/dags
[2024-12-02T14:20:32.042+0000] {manager.py:758} INFO - There are 0 files in /opt/airflow/dags
[2024-12-02T14:20:47.152+0000] {manager.py:755} INFO - Searching for files in /opt/airflow/dags
[2024-12-02T14:20:47.153+0000] {manager.py:758} INFO - There are 0 files in /opt/airflow/dags
[2024-12-02T14:21:02.260+0000] {manager.py:755} INFO - Searching for files in /opt/airflow/dags
[2024-12-02T14:21:02.261+0000] {manager.py:758} INFO - There are 0 files in /opt/airflow/dags
[2024-12-02T14:21:17.372+0000] {manager.py:755} INFO - Searching for files in /opt/airflow/dags
[2024-12-02T14:21:17.372+0000] {manager.py:758} INFO - There are 0 files in /opt/airflow/dags
[2024-12-02T14:21:32.467+0000] {manager.py:755} INFO - Searching for files in /opt/airflow/dags
[2024-12-02T14:21:32.468+0000] {manager.py:758} INFO - There are 0 files in /opt/airflow/dags
[2024-12-02T14:21:47.580+0000] {manager.py:755} INFO - Searching for files in /opt/airflow/dags
[2024-12-02T14:21:47.581+0000] {manager.py:758} INFO - There are 0 files in /opt/airflow/dags
[2024-12-02T14:22:02.696+0000] {manager.py:755} INFO - Searching for files in /opt/airflow/dags
[2024-12-02T14:22:02.698+0000] {manager.py:758} INFO - There are 0 files in /opt/airflow/dags
[2024-12-02T14:22:17.797+0000] {manager.py:755} INFO - Searching for files in /opt/airflow/dags
[2024-12-02T14:22:17.798+0000] {manager.py:758} INFO - There are 0 files in /opt/airflow/dags
[2024-12-02T14:22:32.886+0000] {manager.py:755} INFO - Searching for files in /opt/airflow/dags
[2024-12-02T14:22:32.886+0000] {manager.py:758} INFO - There are 0 files in /opt/airflow/dags
[2024-12-02T14:22:47.967+0000] {manager.py:755} INFO - Searching for files in /opt/airflow/dags
[2024-12-02T14:22:47.967+0000] {manager.py:758} INFO - There are 0 files in /opt/airflow/dags
[2024-12-02T14:23:03.054+0000] {manager.py:755} INFO - Searching for files in /opt/airflow/dags
[2024-12-02T14:23:03.055+0000] {manager.py:758} INFO - There are 0 files in /opt/airflow/dags
[2024-12-02T14:23:18.150+0000] {manager.py:755} INFO - Searching for files in /opt/airflow/dags
[2024-12-02T14:23:18.151+0000] {manager.py:758} INFO - There are 0 files in /opt/airflow/dags
[2024-12-02T14:23:33.265+0000] {manager.py:755} INFO - Searching for files in /opt/airflow/dags
[2024-12-02T14:23:33.266+0000] {manager.py:758} INFO - There are 0 files in /opt/airflow/dags
[2024-12-02T14:23:48.373+0000] {manager.py:755} INFO - Searching for files in /opt/airflow/dags
[2024-12-02T14:23:48.375+0000] {manager.py:758} INFO - There are 0 files in /opt/airflow/dags
[2024-12-02T14:24:03.490+0000] {manager.py:755} INFO - Searching for files in /opt/airflow/dags
[2024-12-02T14:24:03.492+0000] {manager.py:758} INFO - There are 0 files in /opt/airflow/dags
[2024-12-02T14:24:18.600+0000] {manager.py:755} INFO - Searching for files in /opt/airflow/dags
[2024-12-02T14:24:18.602+0000] {manager.py:758} INFO - There are 0 files in /opt/airflow/dags
[2024-12-02T14:24:33.715+0000] {manager.py:755} INFO - Searching for files in /opt/airflow/dags
[2024-12-02T14:24:33.716+0000] {manager.py:758} INFO - There are 0 files in /opt/airflow/dags
[2024-12-02T14:24:48.809+0000] {manager.py:755} INFO - Searching for files in /opt/airflow/dags
[2024-12-02T14:24:48.811+0000] {manager.py:758} INFO - There are 0 files in /opt/airflow/dags
[2024-12-02T14:25:03.921+0000] {manager.py:755} INFO - Searching for files in /opt/airflow/dags
[2024-12-02T14:25:03.922+0000] {manager.py:758} INFO - There are 0 files in /opt/airflow/dags
[2024-12-02T14:25:11.508+0000] {manager.py:469} INFO - Exiting gracefully upon receiving signal 15
[2024-12-02T14:27:54.001+0000] {manager.py:487} INFO - Processing files using up to 2 processes at a time 
[2024-12-02T14:27:54.002+0000] {manager.py:488} INFO - Process each file at most once every 30 seconds
[2024-12-02T14:27:54.002+0000] {manager.py:489} INFO - Checking for new files in /opt/airflow/dags every 15 seconds
[2024-12-02T14:27:54.003+0000] {manager.py:755} INFO - Searching for files in /opt/airflow/dags
[2024-12-02T14:27:54.004+0000] {manager.py:758} INFO - There are 0 files in /opt/airflow/dags
[2024-12-02T14:28:09.107+0000] {manager.py:755} INFO - Searching for files in /opt/airflow/dags
[2024-12-02T14:28:09.108+0000] {manager.py:758} INFO - There are 0 files in /opt/airflow/dags
[2024-12-02T14:28:24.211+0000] {manager.py:755} INFO - Searching for files in /opt/airflow/dags
[2024-12-02T14:28:24.211+0000] {manager.py:758} INFO - There are 0 files in /opt/airflow/dags
[2024-12-02T14:28:39.294+0000] {manager.py:755} INFO - Searching for files in /opt/airflow/dags
[2024-12-02T14:28:39.295+0000] {manager.py:758} INFO - There are 0 files in /opt/airflow/dags
[2024-12-02T14:28:54.363+0000] {manager.py:755} INFO - Searching for files in /opt/airflow/dags
[2024-12-02T14:28:54.364+0000] {manager.py:758} INFO - There are 0 files in /opt/airflow/dags
[2024-12-02T14:29:09.467+0000] {manager.py:755} INFO - Searching for files in /opt/airflow/dags
[2024-12-02T14:29:09.469+0000] {manager.py:758} INFO - There are 0 files in /opt/airflow/dags
[2024-12-02T14:29:24.580+0000] {manager.py:755} INFO - Searching for files in /opt/airflow/dags
[2024-12-02T14:29:24.581+0000] {manager.py:758} INFO - There are 0 files in /opt/airflow/dags
[2024-12-02T14:29:39.684+0000] {manager.py:755} INFO - Searching for files in /opt/airflow/dags
[2024-12-02T14:29:39.684+0000] {manager.py:758} INFO - There are 0 files in /opt/airflow/dags
[2024-12-02T14:29:54.784+0000] {manager.py:755} INFO - Searching for files in /opt/airflow/dags
[2024-12-02T14:29:54.785+0000] {manager.py:758} INFO - There are 0 files in /opt/airflow/dags
[2024-12-02T14:30:09.903+0000] {manager.py:755} INFO - Searching for files in /opt/airflow/dags
[2024-12-02T14:30:09.904+0000] {manager.py:758} INFO - There are 0 files in /opt/airflow/dags
[2024-12-02T14:30:25.014+0000] {manager.py:755} INFO - Searching for files in /opt/airflow/dags
[2024-12-02T14:30:25.014+0000] {manager.py:758} INFO - There are 0 files in /opt/airflow/dags
[2024-12-02T14:30:40.112+0000] {manager.py:755} INFO - Searching for files in /opt/airflow/dags
[2024-12-02T14:30:40.114+0000] {manager.py:758} INFO - There are 0 files in /opt/airflow/dags
[2024-12-02T14:30:55.226+0000] {manager.py:755} INFO - Searching for files in /opt/airflow/dags
[2024-12-02T14:30:55.227+0000] {manager.py:758} INFO - There are 0 files in /opt/airflow/dags
[2024-12-02T14:31:10.331+0000] {manager.py:755} INFO - Searching for files in /opt/airflow/dags
[2024-12-02T14:31:10.332+0000] {manager.py:758} INFO - There are 0 files in /opt/airflow/dags
[2024-12-02T14:31:25.440+0000] {manager.py:755} INFO - Searching for files in /opt/airflow/dags
[2024-12-02T14:31:25.440+0000] {manager.py:758} INFO - There are 0 files in /opt/airflow/dags
[2024-12-02T14:31:40.536+0000] {manager.py:755} INFO - Searching for files in /opt/airflow/dags
[2024-12-02T14:31:40.537+0000] {manager.py:758} INFO - There are 0 files in /opt/airflow/dags
[2024-12-02T14:31:55.654+0000] {manager.py:755} INFO - Searching for files in /opt/airflow/dags
[2024-12-02T14:31:55.656+0000] {manager.py:758} INFO - There are 0 files in /opt/airflow/dags
[2024-12-02T14:32:10.772+0000] {manager.py:755} INFO - Searching for files in /opt/airflow/dags
[2024-12-02T14:32:10.774+0000] {manager.py:758} INFO - There are 0 files in /opt/airflow/dags
[2024-12-02T14:32:25.887+0000] {manager.py:755} INFO - Searching for files in /opt/airflow/dags
[2024-12-02T14:32:25.888+0000] {manager.py:758} INFO - There are 0 files in /opt/airflow/dags
[2024-12-02T14:32:40.987+0000] {manager.py:755} INFO - Searching for files in /opt/airflow/dags
[2024-12-02T14:32:40.988+0000] {manager.py:758} INFO - There are 0 files in /opt/airflow/dags
[2024-12-02T14:32:56.080+0000] {manager.py:755} INFO - Searching for files in /opt/airflow/dags
[2024-12-02T14:32:56.080+0000] {manager.py:758} INFO - There are 0 files in /opt/airflow/dags
[2024-12-02T14:33:11.183+0000] {manager.py:755} INFO - Searching for files in /opt/airflow/dags
[2024-12-02T14:33:11.184+0000] {manager.py:758} INFO - There are 0 files in /opt/airflow/dags
[2024-12-02T14:33:26.301+0000] {manager.py:755} INFO - Searching for files in /opt/airflow/dags
[2024-12-02T14:33:26.303+0000] {manager.py:758} INFO - There are 0 files in /opt/airflow/dags
[2024-12-02T14:33:41.417+0000] {manager.py:755} INFO - Searching for files in /opt/airflow/dags
[2024-12-02T14:33:41.417+0000] {manager.py:758} INFO - There are 0 files in /opt/airflow/dags
[2024-12-02T14:33:56.510+0000] {manager.py:755} INFO - Searching for files in /opt/airflow/dags
[2024-12-02T14:33:56.512+0000] {manager.py:758} INFO - There are 0 files in /opt/airflow/dags
[2024-12-02T14:34:11.630+0000] {manager.py:755} INFO - Searching for files in /opt/airflow/dags
[2024-12-02T14:34:11.632+0000] {manager.py:758} INFO - There are 0 files in /opt/airflow/dags
[2024-12-02T14:34:26.766+0000] {manager.py:755} INFO - Searching for files in /opt/airflow/dags
[2024-12-02T14:34:26.767+0000] {manager.py:758} INFO - There are 0 files in /opt/airflow/dags
[2024-12-02T14:34:41.889+0000] {manager.py:755} INFO - Searching for files in /opt/airflow/dags
[2024-12-02T14:34:41.891+0000] {manager.py:758} INFO - There are 0 files in /opt/airflow/dags
[2024-12-02T14:34:57.004+0000] {manager.py:755} INFO - Searching for files in /opt/airflow/dags
[2024-12-02T14:34:57.005+0000] {manager.py:758} INFO - There are 0 files in /opt/airflow/dags
[2024-12-02T14:35:12.119+0000] {manager.py:755} INFO - Searching for files in /opt/airflow/dags
[2024-12-02T14:35:12.121+0000] {manager.py:758} INFO - There are 0 files in /opt/airflow/dags
[2024-12-02T14:35:27.235+0000] {manager.py:755} INFO - Searching for files in /opt/airflow/dags
[2024-12-02T14:35:27.236+0000] {manager.py:758} INFO - There are 0 files in /opt/airflow/dags
[2024-12-02T14:35:42.353+0000] {manager.py:755} INFO - Searching for files in /opt/airflow/dags
[2024-12-02T14:35:42.354+0000] {manager.py:758} INFO - There are 0 files in /opt/airflow/dags
[2024-12-02T14:35:57.453+0000] {manager.py:755} INFO - Searching for files in /opt/airflow/dags
[2024-12-02T14:35:57.454+0000] {manager.py:758} INFO - There are 0 files in /opt/airflow/dags
[2024-12-02T14:36:12.555+0000] {manager.py:755} INFO - Searching for files in /opt/airflow/dags
[2024-12-02T14:36:12.556+0000] {manager.py:758} INFO - There are 0 files in /opt/airflow/dags
[2024-12-02T14:36:27.677+0000] {manager.py:755} INFO - Searching for files in /opt/airflow/dags
[2024-12-02T14:36:27.681+0000] {manager.py:758} INFO - There are 0 files in /opt/airflow/dags
[2024-12-02T14:36:27.913+0000] {manager.py:469} INFO - Exiting gracefully upon receiving signal 15
[2024-12-02T14:46:18.448+0000] {manager.py:487} INFO - Processing files using up to 2 processes at a time 
[2024-12-02T14:46:18.449+0000] {manager.py:488} INFO - Process each file at most once every 30 seconds
[2024-12-02T14:46:18.449+0000] {manager.py:489} INFO - Checking for new files in /opt/airflow/dags every 15 seconds
[2024-12-02T14:46:18.449+0000] {manager.py:755} INFO - Searching for files in /opt/airflow/dags
[2024-12-02T14:46:18.451+0000] {manager.py:758} INFO - There are 0 files in /opt/airflow/dags
[2024-12-02T14:46:33.551+0000] {manager.py:755} INFO - Searching for files in /opt/airflow/dags
[2024-12-02T14:46:33.553+0000] {manager.py:758} INFO - There are 0 files in /opt/airflow/dags
[2024-12-02T14:46:48.659+0000] {manager.py:755} INFO - Searching for files in /opt/airflow/dags
[2024-12-02T14:46:48.660+0000] {manager.py:758} INFO - There are 0 files in /opt/airflow/dags
[2024-12-02T14:47:03.768+0000] {manager.py:755} INFO - Searching for files in /opt/airflow/dags
[2024-12-02T14:47:03.769+0000] {manager.py:758} INFO - There are 0 files in /opt/airflow/dags
[2024-12-02T14:47:18.882+0000] {manager.py:755} INFO - Searching for files in /opt/airflow/dags
[2024-12-02T14:47:18.882+0000] {manager.py:758} INFO - There are 0 files in /opt/airflow/dags
[2024-12-02T14:47:33.977+0000] {manager.py:755} INFO - Searching for files in /opt/airflow/dags
[2024-12-02T14:47:33.978+0000] {manager.py:758} INFO - There are 0 files in /opt/airflow/dags
[2024-12-02T14:47:49.074+0000] {manager.py:755} INFO - Searching for files in /opt/airflow/dags
[2024-12-02T14:47:49.076+0000] {manager.py:758} INFO - There are 0 files in /opt/airflow/dags
[2024-12-02T14:48:04.190+0000] {manager.py:755} INFO - Searching for files in /opt/airflow/dags
[2024-12-02T14:48:04.191+0000] {manager.py:758} INFO - There are 0 files in /opt/airflow/dags
[2024-12-02T14:48:19.307+0000] {manager.py:755} INFO - Searching for files in /opt/airflow/dags
[2024-12-02T14:48:19.309+0000] {manager.py:758} INFO - There are 0 files in /opt/airflow/dags
[2024-12-02T14:48:34.406+0000] {manager.py:755} INFO - Searching for files in /opt/airflow/dags
[2024-12-02T14:48:34.406+0000] {manager.py:758} INFO - There are 0 files in /opt/airflow/dags
[2024-12-02T14:48:49.504+0000] {manager.py:755} INFO - Searching for files in /opt/airflow/dags
[2024-12-02T14:48:49.506+0000] {manager.py:758} INFO - There are 0 files in /opt/airflow/dags
[2024-12-02T14:49:04.626+0000] {manager.py:755} INFO - Searching for files in /opt/airflow/dags
[2024-12-02T14:49:04.627+0000] {manager.py:758} INFO - There are 0 files in /opt/airflow/dags
[2024-12-02T14:49:19.735+0000] {manager.py:755} INFO - Searching for files in /opt/airflow/dags
[2024-12-02T14:49:19.736+0000] {manager.py:758} INFO - There are 0 files in /opt/airflow/dags
[2024-12-02T14:49:34.833+0000] {manager.py:755} INFO - Searching for files in /opt/airflow/dags
[2024-12-02T14:49:34.833+0000] {manager.py:758} INFO - There are 0 files in /opt/airflow/dags
[2024-12-02T14:49:49.937+0000] {manager.py:755} INFO - Searching for files in /opt/airflow/dags
[2024-12-02T14:49:49.938+0000] {manager.py:758} INFO - There are 0 files in /opt/airflow/dags
[2024-12-02T14:50:05.053+0000] {manager.py:755} INFO - Searching for files in /opt/airflow/dags
[2024-12-02T14:50:05.054+0000] {manager.py:758} INFO - There are 0 files in /opt/airflow/dags
[2024-12-02T14:50:20.181+0000] {manager.py:755} INFO - Searching for files in /opt/airflow/dags
[2024-12-02T14:50:20.182+0000] {manager.py:758} INFO - There are 0 files in /opt/airflow/dags
[2024-12-02T14:50:35.303+0000] {manager.py:755} INFO - Searching for files in /opt/airflow/dags
[2024-12-02T14:50:35.303+0000] {manager.py:758} INFO - There are 0 files in /opt/airflow/dags
[2024-12-02T14:50:50.407+0000] {manager.py:755} INFO - Searching for files in /opt/airflow/dags
[2024-12-02T14:50:50.409+0000] {manager.py:758} INFO - There are 0 files in /opt/airflow/dags
[2024-12-02T14:51:05.526+0000] {manager.py:755} INFO - Searching for files in /opt/airflow/dags
[2024-12-02T14:51:05.528+0000] {manager.py:758} INFO - There are 0 files in /opt/airflow/dags
[2024-12-02T14:51:20.645+0000] {manager.py:755} INFO - Searching for files in /opt/airflow/dags
[2024-12-02T14:51:20.647+0000] {manager.py:758} INFO - There are 0 files in /opt/airflow/dags
[2024-12-02T14:51:35.771+0000] {manager.py:755} INFO - Searching for files in /opt/airflow/dags
[2024-12-02T14:51:35.773+0000] {manager.py:758} INFO - There are 0 files in /opt/airflow/dags
[2024-12-02T14:51:50.884+0000] {manager.py:755} INFO - Searching for files in /opt/airflow/dags
[2024-12-02T14:51:50.885+0000] {manager.py:758} INFO - There are 0 files in /opt/airflow/dags
[2024-12-02T14:52:05.981+0000] {manager.py:755} INFO - Searching for files in /opt/airflow/dags
[2024-12-02T14:52:05.981+0000] {manager.py:758} INFO - There are 0 files in /opt/airflow/dags
[2024-12-02T14:52:21.100+0000] {manager.py:755} INFO - Searching for files in /opt/airflow/dags
[2024-12-02T14:52:21.102+0000] {manager.py:758} INFO - There are 0 files in /opt/airflow/dags
[2024-12-02T14:52:36.217+0000] {manager.py:755} INFO - Searching for files in /opt/airflow/dags
[2024-12-02T14:52:36.219+0000] {manager.py:758} INFO - There are 0 files in /opt/airflow/dags
[2024-12-02T14:52:51.330+0000] {manager.py:755} INFO - Searching for files in /opt/airflow/dags
[2024-12-02T14:52:51.331+0000] {manager.py:758} INFO - There are 0 files in /opt/airflow/dags
[2024-12-02T14:53:06.435+0000] {manager.py:755} INFO - Searching for files in /opt/airflow/dags
[2024-12-02T14:53:06.436+0000] {manager.py:758} INFO - There are 0 files in /opt/airflow/dags
[2024-12-02T14:53:21.551+0000] {manager.py:755} INFO - Searching for files in /opt/airflow/dags
[2024-12-02T14:53:21.553+0000] {manager.py:758} INFO - There are 0 files in /opt/airflow/dags
[2024-12-02T14:53:36.673+0000] {manager.py:755} INFO - Searching for files in /opt/airflow/dags
[2024-12-02T14:53:36.674+0000] {manager.py:758} INFO - There are 0 files in /opt/airflow/dags
[2024-12-02T14:53:51.781+0000] {manager.py:755} INFO - Searching for files in /opt/airflow/dags
[2024-12-02T14:53:51.782+0000] {manager.py:758} INFO - There are 0 files in /opt/airflow/dags
[2024-12-02T14:54:06.890+0000] {manager.py:755} INFO - Searching for files in /opt/airflow/dags
[2024-12-02T14:54:06.892+0000] {manager.py:758} INFO - There are 0 files in /opt/airflow/dags
[2024-12-02T14:54:22.004+0000] {manager.py:755} INFO - Searching for files in /opt/airflow/dags
[2024-12-02T14:54:22.005+0000] {manager.py:758} INFO - There are 0 files in /opt/airflow/dags
[2024-12-02T14:54:30.723+0000] {manager.py:469} INFO - Exiting gracefully upon receiving signal 15
[2024-12-02T14:55:31.598+0000] {manager.py:487} INFO - Processing files using up to 2 processes at a time 
[2024-12-02T14:55:31.607+0000] {manager.py:488} INFO - Process each file at most once every 30 seconds
[2024-12-02T14:55:31.607+0000] {manager.py:489} INFO - Checking for new files in /opt/airflow/dags every 15 seconds
[2024-12-02T14:55:31.607+0000] {manager.py:755} INFO - Searching for files in /opt/airflow/dags
[2024-12-02T14:55:31.609+0000] {manager.py:758} INFO - There are 0 files in /opt/airflow/dags
[2024-12-02T14:55:46.709+0000] {manager.py:755} INFO - Searching for files in /opt/airflow/dags
[2024-12-02T14:55:46.711+0000] {manager.py:758} INFO - There are 0 files in /opt/airflow/dags
[2024-12-02T14:56:01.827+0000] {manager.py:755} INFO - Searching for files in /opt/airflow/dags
[2024-12-02T14:56:01.828+0000] {manager.py:758} INFO - There are 0 files in /opt/airflow/dags
[2024-12-02T14:56:16.947+0000] {manager.py:755} INFO - Searching for files in /opt/airflow/dags
[2024-12-02T14:56:16.949+0000] {manager.py:758} INFO - There are 0 files in /opt/airflow/dags
[2024-12-02T14:56:32.065+0000] {manager.py:755} INFO - Searching for files in /opt/airflow/dags
[2024-12-02T14:56:32.066+0000] {manager.py:758} INFO - There are 0 files in /opt/airflow/dags
[2024-12-02T14:56:47.194+0000] {manager.py:755} INFO - Searching for files in /opt/airflow/dags
[2024-12-02T14:56:47.195+0000] {manager.py:758} INFO - There are 0 files in /opt/airflow/dags
[2024-12-02T14:57:02.299+0000] {manager.py:755} INFO - Searching for files in /opt/airflow/dags
[2024-12-02T14:57:02.302+0000] {manager.py:758} INFO - There are 0 files in /opt/airflow/dags
[2024-12-02T14:57:17.409+0000] {manager.py:755} INFO - Searching for files in /opt/airflow/dags
[2024-12-02T14:57:17.411+0000] {manager.py:758} INFO - There are 0 files in /opt/airflow/dags
[2024-12-02T14:57:32.520+0000] {manager.py:755} INFO - Searching for files in /opt/airflow/dags
[2024-12-02T14:57:32.520+0000] {manager.py:758} INFO - There are 0 files in /opt/airflow/dags
[2024-12-02T14:57:47.621+0000] {manager.py:755} INFO - Searching for files in /opt/airflow/dags
[2024-12-02T14:57:47.622+0000] {manager.py:758} INFO - There are 0 files in /opt/airflow/dags
[2024-12-02T14:58:02.745+0000] {manager.py:755} INFO - Searching for files in /opt/airflow/dags
[2024-12-02T14:58:02.746+0000] {manager.py:758} INFO - There are 0 files in /opt/airflow/dags
[2024-12-02T14:58:17.835+0000] {manager.py:755} INFO - Searching for files in /opt/airflow/dags
[2024-12-02T14:58:17.836+0000] {manager.py:758} INFO - There are 0 files in /opt/airflow/dags
[2024-12-02T14:58:32.935+0000] {manager.py:755} INFO - Searching for files in /opt/airflow/dags
[2024-12-02T14:58:32.937+0000] {manager.py:758} INFO - There are 0 files in /opt/airflow/dags
[2024-12-02T14:58:48.052+0000] {manager.py:755} INFO - Searching for files in /opt/airflow/dags
[2024-12-02T14:58:48.054+0000] {manager.py:758} INFO - There are 0 files in /opt/airflow/dags
[2024-12-02T14:59:03.163+0000] {manager.py:755} INFO - Searching for files in /opt/airflow/dags
[2024-12-02T14:59:03.165+0000] {manager.py:758} INFO - There are 0 files in /opt/airflow/dags
[2024-12-02T14:59:18.267+0000] {manager.py:755} INFO - Searching for files in /opt/airflow/dags
[2024-12-02T14:59:18.268+0000] {manager.py:758} INFO - There are 0 files in /opt/airflow/dags
[2024-12-02T14:59:33.375+0000] {manager.py:755} INFO - Searching for files in /opt/airflow/dags
[2024-12-02T14:59:33.377+0000] {manager.py:758} INFO - There are 0 files in /opt/airflow/dags
[2024-12-02T14:59:48.497+0000] {manager.py:755} INFO - Searching for files in /opt/airflow/dags
[2024-12-02T14:59:48.499+0000] {manager.py:758} INFO - There are 0 files in /opt/airflow/dags
