[2024-12-03T13:37:27.843+0000] {local_task_job_runner.py:120} INFO - ::group::Pre task execution logs
[2024-12-03T13:37:27.875+0000] {taskinstance.py:2073} INFO - Dependencies all met for dep_context=non-requeueable deps ti=<TaskInstance: etl_process_dag.load_transaction_data manual__2024-12-03T13:37:23.823829+00:00 [queued]>
[2024-12-03T13:37:27.884+0000] {taskinstance.py:2073} INFO - Dependencies all met for dep_context=requeueable deps ti=<TaskInstance: etl_process_dag.load_transaction_data manual__2024-12-03T13:37:23.823829+00:00 [queued]>
[2024-12-03T13:37:27.884+0000] {taskinstance.py:2303} INFO - Starting attempt 1 of 1
[2024-12-03T13:37:27.896+0000] {taskinstance.py:2327} INFO - Executing <Task(PythonOperator): load_transaction_data> on 2024-12-03 13:37:23.823829+00:00
[2024-12-03T13:37:27.902+0000] {standard_task_runner.py:63} INFO - Started process 6139 to run task
[2024-12-03T13:37:27.905+0000] {standard_task_runner.py:90} INFO - Running: ['***', 'tasks', 'run', 'etl_process_dag', 'load_transaction_data', 'manual__2024-12-03T13:37:23.823829+00:00', '--job-id', '125', '--raw', '--subdir', 'DAGS_FOLDER/etl_sales.py', '--cfg-path', '/tmp/tmp1cs8oqw6']
[2024-12-03T13:37:27.907+0000] {standard_task_runner.py:91} INFO - Job 125: Subtask load_transaction_data
[2024-12-03T13:37:27.956+0000] {task_command.py:426} INFO - Running <TaskInstance: etl_process_dag.load_transaction_data manual__2024-12-03T13:37:23.823829+00:00 [running]> on host a6f8f8b1d92d
[2024-12-03T13:37:28.258+0000] {taskinstance.py:2644} INFO - Exporting env vars: AIRFLOW_CTX_DAG_OWNER='k.norasit' AIRFLOW_CTX_DAG_ID='etl_process_dag' AIRFLOW_CTX_TASK_ID='load_transaction_data' AIRFLOW_CTX_EXECUTION_DATE='2024-12-03T13:37:23.823829+00:00' AIRFLOW_CTX_TRY_NUMBER='1' AIRFLOW_CTX_DAG_RUN_ID='manual__2024-12-03T13:37:23.823829+00:00'
[2024-12-03T13:37:28.260+0000] {taskinstance.py:430} INFO - ::endgroup::
[2024-12-03T13:37:28.398+0000] {logging_mixin.py:188} INFO - Processing file: sales_2024_03_01.csv
[2024-12-03T13:37:28.438+0000] {logging_mixin.py:188} INFO - Processing file: sales_2024_03_02.csv
[2024-12-03T13:37:28.451+0000] {logging_mixin.py:188} INFO - Processing file: sales_2024_03_03.csv
[2024-12-03T13:37:28.464+0000] {logging_mixin.py:188} INFO - Processing file: sales_2024_03_04.csv
[2024-12-03T13:37:28.475+0000] {logging_mixin.py:188} INFO - Processing file: sales_2024_03_05.csv
[2024-12-03T13:37:28.491+0000] {logging_mixin.py:188} INFO - Processing file: sales_2024_03_06.csv
[2024-12-03T13:37:28.510+0000] {logging_mixin.py:188} INFO - Processing file: sales_2024_03_07.csv
[2024-12-03T13:37:28.523+0000] {python.py:237} INFO - Done. Returned value was: None
[2024-12-03T13:37:28.523+0000] {taskinstance.py:441} INFO - ::group::Post task execution logs
[2024-12-03T13:37:28.533+0000] {taskinstance.py:1205} INFO - Marking task as SUCCESS. dag_id=etl_process_dag, task_id=load_transaction_data, execution_date=20241203T133723, start_date=20241203T133727, end_date=20241203T133728
[2024-12-03T13:37:28.559+0000] {local_task_job_runner.py:240} INFO - Task exited with return code 0
[2024-12-03T13:37:28.572+0000] {logging_mixin.py:188} WARNING - /home/***/.local/lib/python3.9/site-packages/***/models/baseoperator.py:1296 AirflowProviderDeprecationWarning: Call to deprecated class PostgresOperator. (Please use `***.providers.common.sql.operators.sql.SQLExecuteQueryOperator`.Also, you can provide `hook_params={'schema': <database>}`.)
[2024-12-03T13:37:28.586+0000] {taskinstance.py:3482} INFO - 0 downstream tasks scheduled from follow-on schedule check
[2024-12-03T13:37:28.587+0000] {local_task_job_runner.py:222} INFO - ::endgroup::
