[2024-12-03T13:43:25.520+0000] {local_task_job_runner.py:120} INFO - ::group::Pre task execution logs
[2024-12-03T13:43:25.552+0000] {taskinstance.py:2073} INFO - Dependencies all met for dep_context=non-requeueable deps ti=<TaskInstance: etl_process_dag.load_transaction_data manual__2024-12-03T13:43:19.764413+00:00 [queued]>
[2024-12-03T13:43:25.560+0000] {taskinstance.py:2073} INFO - Dependencies all met for dep_context=requeueable deps ti=<TaskInstance: etl_process_dag.load_transaction_data manual__2024-12-03T13:43:19.764413+00:00 [queued]>
[2024-12-03T13:43:25.560+0000] {taskinstance.py:2303} INFO - Starting attempt 1 of 1
[2024-12-03T13:43:25.572+0000] {taskinstance.py:2327} INFO - Executing <Task(PythonOperator): load_transaction_data> on 2024-12-03 13:43:19.764413+00:00
[2024-12-03T13:43:25.578+0000] {standard_task_runner.py:63} INFO - Started process 6476 to run task
[2024-12-03T13:43:25.581+0000] {standard_task_runner.py:90} INFO - Running: ['***', 'tasks', 'run', 'etl_process_dag', 'load_transaction_data', 'manual__2024-12-03T13:43:19.764413+00:00', '--job-id', '149', '--raw', '--subdir', 'DAGS_FOLDER/etl_sales.py', '--cfg-path', '/tmp/tmpqed675j5']
[2024-12-03T13:43:25.584+0000] {standard_task_runner.py:91} INFO - Job 149: Subtask load_transaction_data
[2024-12-03T13:43:25.627+0000] {task_command.py:426} INFO - Running <TaskInstance: etl_process_dag.load_transaction_data manual__2024-12-03T13:43:19.764413+00:00 [running]> on host a6f8f8b1d92d
[2024-12-03T13:43:25.884+0000] {taskinstance.py:2644} INFO - Exporting env vars: AIRFLOW_CTX_DAG_OWNER='k.norasit' AIRFLOW_CTX_DAG_ID='etl_process_dag' AIRFLOW_CTX_TASK_ID='load_transaction_data' AIRFLOW_CTX_EXECUTION_DATE='2024-12-03T13:43:19.764413+00:00' AIRFLOW_CTX_TRY_NUMBER='1' AIRFLOW_CTX_DAG_RUN_ID='manual__2024-12-03T13:43:19.764413+00:00'
[2024-12-03T13:43:25.885+0000] {taskinstance.py:430} INFO - ::endgroup::
[2024-12-03T13:43:25.993+0000] {logging_mixin.py:188} INFO - Processing file: sales_2024_03_01.csv
[2024-12-03T13:43:26.041+0000] {logging_mixin.py:188} INFO - Processing file: sales_2024_03_02.csv
[2024-12-03T13:43:26.057+0000] {logging_mixin.py:188} INFO - Processing file: sales_2024_03_03.csv
[2024-12-03T13:43:26.078+0000] {logging_mixin.py:188} INFO - Processing file: sales_2024_03_04.csv
[2024-12-03T13:43:26.101+0000] {logging_mixin.py:188} INFO - Processing file: sales_2024_03_05.csv
[2024-12-03T13:43:26.125+0000] {logging_mixin.py:188} INFO - Processing file: sales_2024_03_06.csv
[2024-12-03T13:43:26.146+0000] {logging_mixin.py:188} INFO - Processing file: sales_2024_03_07.csv
[2024-12-03T13:43:26.174+0000] {python.py:237} INFO - Done. Returned value was: None
[2024-12-03T13:43:26.175+0000] {taskinstance.py:441} INFO - ::group::Post task execution logs
[2024-12-03T13:43:26.188+0000] {taskinstance.py:1205} INFO - Marking task as SUCCESS. dag_id=etl_process_dag, task_id=load_transaction_data, execution_date=20241203T134319, start_date=20241203T134325, end_date=20241203T134326
[2024-12-03T13:43:26.235+0000] {local_task_job_runner.py:240} INFO - Task exited with return code 0
[2024-12-03T13:43:26.247+0000] {logging_mixin.py:188} WARNING - /home/***/.local/lib/python3.9/site-packages/***/models/baseoperator.py:1296 AirflowProviderDeprecationWarning: Call to deprecated class PostgresOperator. (Please use `***.providers.common.sql.operators.sql.SQLExecuteQueryOperator`.Also, you can provide `hook_params={'schema': <database>}`.)
[2024-12-03T13:43:26.265+0000] {taskinstance.py:3482} INFO - 0 downstream tasks scheduled from follow-on schedule check
[2024-12-03T13:43:26.267+0000] {local_task_job_runner.py:222} INFO - ::endgroup::
