[2024-12-03T14:14:00.477+0000] {local_task_job_runner.py:120} INFO - ::group::Pre task execution logs
[2024-12-03T14:14:00.720+0000] {taskinstance.py:2073} INFO - Dependencies all met for dep_context=non-requeueable deps ti=<TaskInstance: etl_process_dag.calculate_user_location_sales manual__2024-12-03T14:13:52.680339+00:00 [queued]>
[2024-12-03T14:14:00.738+0000] {taskinstance.py:2073} INFO - Dependencies all met for dep_context=requeueable deps ti=<TaskInstance: etl_process_dag.calculate_user_location_sales manual__2024-12-03T14:13:52.680339+00:00 [queued]>
[2024-12-03T14:14:00.738+0000] {taskinstance.py:2303} INFO - Starting attempt 1 of 1
[2024-12-03T14:14:00.758+0000] {taskinstance.py:2327} INFO - Executing <Task(PostgresOperator): calculate_user_location_sales> on 2024-12-03 14:13:52.680339+00:00
[2024-12-03T14:14:00.768+0000] {standard_task_runner.py:63} INFO - Started process 7925 to run task
[2024-12-03T14:14:00.774+0000] {standard_task_runner.py:90} INFO - Running: ['***', 'tasks', 'run', 'etl_process_dag', 'calculate_user_location_sales', 'manual__2024-12-03T14:13:52.680339+00:00', '--job-id', '175', '--raw', '--subdir', 'DAGS_FOLDER/etl_sales.py', '--cfg-path', '/tmp/tmpprsmcy66']
[2024-12-03T14:14:00.778+0000] {standard_task_runner.py:91} INFO - Job 175: Subtask calculate_user_location_sales
[2024-12-03T14:14:00.860+0000] {task_command.py:426} INFO - Running <TaskInstance: etl_process_dag.calculate_user_location_sales manual__2024-12-03T14:13:52.680339+00:00 [running]> on host a6f8f8b1d92d
[2024-12-03T14:14:01.037+0000] {taskinstance.py:2644} INFO - Exporting env vars: AIRFLOW_CTX_DAG_OWNER='k.norasit' AIRFLOW_CTX_DAG_ID='etl_process_dag' AIRFLOW_CTX_TASK_ID='calculate_user_location_sales' AIRFLOW_CTX_EXECUTION_DATE='2024-12-03T14:13:52.680339+00:00' AIRFLOW_CTX_TRY_NUMBER='1' AIRFLOW_CTX_DAG_RUN_ID='manual__2024-12-03T14:13:52.680339+00:00'
[2024-12-03T14:14:01.039+0000] {taskinstance.py:430} INFO - ::endgroup::
[2024-12-03T14:14:01.067+0000] {sql.py:276} INFO - Executing: 
        INSERT INTO user_location_sales (location, gender, total_sales, min_sales, max_sales, average_sales)
        SELECT ui.location, ui.gender, SUM(t.quantity * t.amount),
               MIN(t.quantity * t.amount), MAX(t.quantity * t.amount), AVG(t.quantity * t.amount)
        FROM transaction t
        JOIN user_info ui ON t.user_id = ui.user_id
        GROUP BY ui.location, ui.gender;
        
[2024-12-03T14:14:01.082+0000] {base.py:84} INFO - Using connection ID 'postgres_default' for task execution.
[2024-12-03T14:14:01.098+0000] {base.py:84} INFO - Using connection ID 'postgres_default' for task execution.
[2024-12-03T14:14:01.121+0000] {sql.py:457} INFO - Running statement: 
        INSERT INTO user_location_sales (location, gender, total_sales, min_sales, max_sales, average_sales)
        SELECT ui.location, ui.gender, SUM(t.quantity * t.amount),
               MIN(t.quantity * t.amount), MAX(t.quantity * t.amount), AVG(t.quantity * t.amount)
        FROM transaction t
        JOIN user_info ui ON t.user_id = ui.user_id
        GROUP BY ui.location, ui.gender;
        , parameters: None
[2024-12-03T14:14:01.126+0000] {sql.py:466} INFO - Rows affected: 12
[2024-12-03T14:14:01.130+0000] {logging_mixin.py:188} WARNING - /home/***/.local/lib/python3.9/site-packages/***/providers/common/sql/hooks/sql.py:407 AirflowProviderDeprecationWarning: Call to deprecated method _make_common_data_structure. (The `_make_serializable` method is deprecated and support will be removed in a future version of the common.sql provider. Please update the DbApiHook's provider to a version based on common.sql >= 1.9.1.)
[2024-12-03T14:14:01.132+0000] {taskinstance.py:441} INFO - ::group::Post task execution logs
[2024-12-03T14:14:01.148+0000] {taskinstance.py:1205} INFO - Marking task as SUCCESS. dag_id=etl_process_dag, task_id=calculate_user_location_sales, execution_date=20241203T141352, start_date=20241203T141400, end_date=20241203T141401
[2024-12-03T14:14:01.187+0000] {local_task_job_runner.py:240} INFO - Task exited with return code 0
[2024-12-03T14:14:01.220+0000] {taskinstance.py:3482} INFO - 0 downstream tasks scheduled from follow-on schedule check
[2024-12-03T14:14:01.223+0000] {local_task_job_runner.py:222} INFO - ::endgroup::
