[2024-12-03T13:43:21.435+0000] {local_task_job_runner.py:120} INFO - ::group::Pre task execution logs
[2024-12-03T13:43:21.513+0000] {taskinstance.py:2073} INFO - Dependencies all met for dep_context=non-requeueable deps ti=<TaskInstance: etl_process_dag.create_user_location_sales_table manual__2024-12-03T13:43:19.764413+00:00 [queued]>
[2024-12-03T13:43:21.537+0000] {taskinstance.py:2073} INFO - Dependencies all met for dep_context=requeueable deps ti=<TaskInstance: etl_process_dag.create_user_location_sales_table manual__2024-12-03T13:43:19.764413+00:00 [queued]>
[2024-12-03T13:43:21.538+0000] {taskinstance.py:2303} INFO - Starting attempt 1 of 1
[2024-12-03T13:43:21.575+0000] {taskinstance.py:2327} INFO - Executing <Task(PostgresOperator): create_user_location_sales_table> on 2024-12-03 13:43:19.764413+00:00
[2024-12-03T13:43:21.590+0000] {standard_task_runner.py:63} INFO - Started process 6468 to run task
[2024-12-03T13:43:21.603+0000] {standard_task_runner.py:90} INFO - Running: ['***', 'tasks', 'run', 'etl_process_dag', 'create_user_location_sales_table', 'manual__2024-12-03T13:43:19.764413+00:00', '--job-id', '144', '--raw', '--subdir', 'DAGS_FOLDER/etl_sales.py', '--cfg-path', '/tmp/tmpiydpteqi']
[2024-12-03T13:43:21.608+0000] {standard_task_runner.py:91} INFO - Job 144: Subtask create_user_location_sales_table
[2024-12-03T13:43:21.731+0000] {task_command.py:426} INFO - Running <TaskInstance: etl_process_dag.create_user_location_sales_table manual__2024-12-03T13:43:19.764413+00:00 [running]> on host a6f8f8b1d92d
[2024-12-03T13:43:22.362+0000] {taskinstance.py:2644} INFO - Exporting env vars: AIRFLOW_CTX_DAG_OWNER='k.norasit' AIRFLOW_CTX_DAG_ID='etl_process_dag' AIRFLOW_CTX_TASK_ID='create_user_location_sales_table' AIRFLOW_CTX_EXECUTION_DATE='2024-12-03T13:43:19.764413+00:00' AIRFLOW_CTX_TRY_NUMBER='1' AIRFLOW_CTX_DAG_RUN_ID='manual__2024-12-03T13:43:19.764413+00:00'
[2024-12-03T13:43:22.365+0000] {taskinstance.py:430} INFO - ::endgroup::
[2024-12-03T13:43:22.395+0000] {sql.py:276} INFO - Executing: 
        CREATE TABLE IF NOT EXISTS user_location_sales (
            location VARCHAR(50),
            gender CHAR(1),
            total_sales NUMERIC,
            min_sales NUMERIC,
            max_sales NUMERIC,
            average_sales NUMERIC
        );
        TRUNCATE TABLE user_location_sales;
        
[2024-12-03T13:43:22.412+0000] {base.py:84} INFO - Using connection ID 'postgres_default' for task execution.
[2024-12-03T13:43:22.431+0000] {base.py:84} INFO - Using connection ID 'postgres_default' for task execution.
[2024-12-03T13:43:22.466+0000] {sql.py:457} INFO - Running statement: 
        CREATE TABLE IF NOT EXISTS user_location_sales (
            location VARCHAR(50),
            gender CHAR(1),
            total_sales NUMERIC,
            min_sales NUMERIC,
            max_sales NUMERIC,
            average_sales NUMERIC
        );
        TRUNCATE TABLE user_location_sales;
        , parameters: None
[2024-12-03T13:43:22.480+0000] {logging_mixin.py:188} WARNING - /home/***/.local/lib/python3.9/site-packages/***/providers/common/sql/hooks/sql.py:407 AirflowProviderDeprecationWarning: Call to deprecated method _make_common_data_structure. (The `_make_serializable` method is deprecated and support will be removed in a future version of the common.sql provider. Please update the DbApiHook's provider to a version based on common.sql >= 1.9.1.)
[2024-12-03T13:43:22.485+0000] {taskinstance.py:441} INFO - ::group::Post task execution logs
[2024-12-03T13:43:22.506+0000] {taskinstance.py:1205} INFO - Marking task as SUCCESS. dag_id=etl_process_dag, task_id=create_user_location_sales_table, execution_date=20241203T134319, start_date=20241203T134321, end_date=20241203T134322
[2024-12-03T13:43:22.557+0000] {local_task_job_runner.py:240} INFO - Task exited with return code 0
[2024-12-03T13:43:22.680+0000] {logging_mixin.py:188} WARNING - /home/***/.local/lib/python3.9/site-packages/***/models/baseoperator.py:1296 AirflowProviderDeprecationWarning: Call to deprecated class PostgresOperator. (Please use `***.providers.common.sql.operators.sql.SQLExecuteQueryOperator`.Also, you can provide `hook_params={'schema': <database>}`.)
[2024-12-03T13:43:22.700+0000] {taskinstance.py:3482} INFO - 0 downstream tasks scheduled from follow-on schedule check
[2024-12-03T13:43:22.702+0000] {local_task_job_runner.py:222} INFO - ::endgroup::
