[2024-12-03T13:41:27.854+0000] {local_task_job_runner.py:120} INFO - ::group::Pre task execution logs
[2024-12-03T13:41:27.925+0000] {taskinstance.py:2073} INFO - Dependencies all met for dep_context=non-requeueable deps ti=<TaskInstance: etl_process_dag.create_user_location_sales_table manual__2024-12-03T13:41:26.014764+00:00 [queued]>
[2024-12-03T13:41:27.944+0000] {taskinstance.py:2073} INFO - Dependencies all met for dep_context=requeueable deps ti=<TaskInstance: etl_process_dag.create_user_location_sales_table manual__2024-12-03T13:41:26.014764+00:00 [queued]>
[2024-12-03T13:41:27.948+0000] {taskinstance.py:2303} INFO - Starting attempt 1 of 1
[2024-12-03T13:41:27.979+0000] {taskinstance.py:2327} INFO - Executing <Task(PostgresOperator): create_user_location_sales_table> on 2024-12-03 13:41:26.014764+00:00
[2024-12-03T13:41:27.991+0000] {standard_task_runner.py:63} INFO - Started process 6363 to run task
[2024-12-03T13:41:27.998+0000] {standard_task_runner.py:90} INFO - Running: ['***', 'tasks', 'run', 'etl_process_dag', 'create_user_location_sales_table', 'manual__2024-12-03T13:41:26.014764+00:00', '--job-id', '138', '--raw', '--subdir', 'DAGS_FOLDER/etl_sales.py', '--cfg-path', '/tmp/tmp3xkrjlno']
[2024-12-03T13:41:28.003+0000] {standard_task_runner.py:91} INFO - Job 138: Subtask create_user_location_sales_table
[2024-12-03T13:41:28.115+0000] {task_command.py:426} INFO - Running <TaskInstance: etl_process_dag.create_user_location_sales_table manual__2024-12-03T13:41:26.014764+00:00 [running]> on host a6f8f8b1d92d
[2024-12-03T13:41:28.641+0000] {taskinstance.py:2644} INFO - Exporting env vars: AIRFLOW_CTX_DAG_OWNER='k.norasit' AIRFLOW_CTX_DAG_ID='etl_process_dag' AIRFLOW_CTX_TASK_ID='create_user_location_sales_table' AIRFLOW_CTX_EXECUTION_DATE='2024-12-03T13:41:26.014764+00:00' AIRFLOW_CTX_TRY_NUMBER='1' AIRFLOW_CTX_DAG_RUN_ID='manual__2024-12-03T13:41:26.014764+00:00'
[2024-12-03T13:41:28.643+0000] {taskinstance.py:430} INFO - ::endgroup::
[2024-12-03T13:41:28.665+0000] {sql.py:276} INFO - Executing: 
        CREATE TABLE IF NOT EXISTS user_location_sales (
            location VARCHAR(50),
            gender CHAR(1),
            total_sales NUMERIC,
            min_sales NUMERIC,
            max_sales NUMERIC,
            average_sales NUMERIC
        );
        TRUNCATE TABLE user_location_sales;
        
[2024-12-03T13:41:28.677+0000] {base.py:84} INFO - Using connection ID 'postgres_default' for task execution.
[2024-12-03T13:41:28.687+0000] {base.py:84} INFO - Using connection ID 'postgres_default' for task execution.
[2024-12-03T13:41:28.708+0000] {sql.py:457} INFO - Running statement: 
        CREATE TABLE IF NOT EXISTS user_location_sales (
            location VARCHAR(50),
            gender CHAR(1),
            total_sales NUMERIC,
            min_sales NUMERIC,
            max_sales NUMERIC,
            average_sales NUMERIC
        );
        TRUNCATE TABLE user_location_sales;
        , parameters: None
[2024-12-03T13:41:28.714+0000] {logging_mixin.py:188} WARNING - /home/***/.local/lib/python3.9/site-packages/***/providers/common/sql/hooks/sql.py:407 AirflowProviderDeprecationWarning: Call to deprecated method _make_common_data_structure. (The `_make_serializable` method is deprecated and support will be removed in a future version of the common.sql provider. Please update the DbApiHook's provider to a version based on common.sql >= 1.9.1.)
[2024-12-03T13:41:28.717+0000] {taskinstance.py:441} INFO - ::group::Post task execution logs
[2024-12-03T13:41:28.733+0000] {taskinstance.py:1205} INFO - Marking task as SUCCESS. dag_id=etl_process_dag, task_id=create_user_location_sales_table, execution_date=20241203T134126, start_date=20241203T134127, end_date=20241203T134128
[2024-12-03T13:41:28.784+0000] {local_task_job_runner.py:240} INFO - Task exited with return code 0
[2024-12-03T13:41:28.853+0000] {logging_mixin.py:188} WARNING - /home/***/.local/lib/python3.9/site-packages/***/models/baseoperator.py:1296 AirflowProviderDeprecationWarning: Call to deprecated class PostgresOperator. (Please use `***.providers.common.sql.operators.sql.SQLExecuteQueryOperator`.Also, you can provide `hook_params={'schema': <database>}`.)
[2024-12-03T13:41:28.875+0000] {taskinstance.py:3482} INFO - 0 downstream tasks scheduled from follow-on schedule check
[2024-12-03T13:41:28.876+0000] {local_task_job_runner.py:222} INFO - ::endgroup::
