[2024-12-03T13:23:03.974+0000] {local_task_job_runner.py:120} INFO - ::group::Pre task execution logs
[2024-12-03T13:23:04.055+0000] {taskinstance.py:2073} INFO - Dependencies all met for dep_context=non-requeueable deps ti=<TaskInstance: etl_process_dag.create_transaction_table manual__2024-12-03T13:23:02.418490+00:00 [queued]>
[2024-12-03T13:23:04.088+0000] {taskinstance.py:2073} INFO - Dependencies all met for dep_context=requeueable deps ti=<TaskInstance: etl_process_dag.create_transaction_table manual__2024-12-03T13:23:02.418490+00:00 [queued]>
[2024-12-03T13:23:04.090+0000] {taskinstance.py:2303} INFO - Starting attempt 1 of 1
[2024-12-03T13:23:04.132+0000] {taskinstance.py:2327} INFO - Executing <Task(PostgresOperator): create_transaction_table> on 2024-12-03 13:23:02.418490+00:00
[2024-12-03T13:23:04.143+0000] {standard_task_runner.py:63} INFO - Started process 5457 to run task
[2024-12-03T13:23:04.149+0000] {standard_task_runner.py:90} INFO - Running: ['***', 'tasks', 'run', 'etl_process_dag', 'create_transaction_table', 'manual__2024-12-03T13:23:02.418490+00:00', '--job-id', '111', '--raw', '--subdir', 'DAGS_FOLDER/etl_sales.py', '--cfg-path', '/tmp/tmpqtc0ms40']
[2024-12-03T13:23:04.154+0000] {standard_task_runner.py:91} INFO - Job 111: Subtask create_transaction_table
[2024-12-03T13:23:04.270+0000] {task_command.py:426} INFO - Running <TaskInstance: etl_process_dag.create_transaction_table manual__2024-12-03T13:23:02.418490+00:00 [running]> on host a6f8f8b1d92d
[2024-12-03T13:23:04.762+0000] {taskinstance.py:2644} INFO - Exporting env vars: AIRFLOW_CTX_DAG_OWNER='k.norasit' AIRFLOW_CTX_DAG_ID='etl_process_dag' AIRFLOW_CTX_TASK_ID='create_transaction_table' AIRFLOW_CTX_EXECUTION_DATE='2024-12-03T13:23:02.418490+00:00' AIRFLOW_CTX_TRY_NUMBER='1' AIRFLOW_CTX_DAG_RUN_ID='manual__2024-12-03T13:23:02.418490+00:00'
[2024-12-03T13:23:04.763+0000] {taskinstance.py:430} INFO - ::endgroup::
[2024-12-03T13:23:04.792+0000] {sql.py:276} INFO - Executing: 
        CREATE TABLE IF NOT EXISTS transaction (
            order_id TEXT PRIMARY KEY,
            user_id INT,
            product_id TEXT,
            quantity INT,
            amount DECIMAL(10, 2),
            order_date DATE
        );
        
[2024-12-03T13:23:04.809+0000] {base.py:84} INFO - Using connection ID 'postgres_default' for task execution.
[2024-12-03T13:23:04.824+0000] {base.py:84} INFO - Using connection ID 'postgres_default' for task execution.
[2024-12-03T13:23:04.861+0000] {sql.py:457} INFO - Running statement: 
        CREATE TABLE IF NOT EXISTS transaction (
            order_id TEXT PRIMARY KEY,
            user_id INT,
            product_id TEXT,
            quantity INT,
            amount DECIMAL(10, 2),
            order_date DATE
        );
        , parameters: None
[2024-12-03T13:23:04.866+0000] {logging_mixin.py:188} WARNING - /home/***/.local/lib/python3.9/site-packages/***/providers/common/sql/hooks/sql.py:407 AirflowProviderDeprecationWarning: Call to deprecated method _make_common_data_structure. (The `_make_serializable` method is deprecated and support will be removed in a future version of the common.sql provider. Please update the DbApiHook's provider to a version based on common.sql >= 1.9.1.)
[2024-12-03T13:23:04.868+0000] {taskinstance.py:441} INFO - ::group::Post task execution logs
[2024-12-03T13:23:04.885+0000] {taskinstance.py:1205} INFO - Marking task as SUCCESS. dag_id=etl_process_dag, task_id=create_transaction_table, execution_date=20241203T132302, start_date=20241203T132304, end_date=20241203T132304
[2024-12-03T13:23:04.944+0000] {local_task_job_runner.py:240} INFO - Task exited with return code 0
[2024-12-03T13:23:04.980+0000] {logging_mixin.py:188} WARNING - /home/***/.local/lib/python3.9/site-packages/***/models/baseoperator.py:1296 AirflowProviderDeprecationWarning: Call to deprecated class PostgresOperator. (Please use `***.providers.common.sql.operators.sql.SQLExecuteQueryOperator`.Also, you can provide `hook_params={'schema': <database>}`.)
[2024-12-03T13:23:05.020+0000] {taskinstance.py:3482} INFO - 0 downstream tasks scheduled from follow-on schedule check
[2024-12-03T13:23:05.022+0000] {local_task_job_runner.py:222} INFO - ::endgroup::
