[2024-12-03T14:15:17.123+0000] {local_task_job_runner.py:120} INFO - ::group::Pre task execution logs
[2024-12-03T14:15:17.158+0000] {taskinstance.py:2073} INFO - Dependencies all met for dep_context=non-requeueable deps ti=<TaskInstance: etl_process_dag.calculate_daily_transaction_amount manual__2024-12-03T14:15:08.531519+00:00 [queued]>
[2024-12-03T14:15:17.172+0000] {taskinstance.py:2073} INFO - Dependencies all met for dep_context=requeueable deps ti=<TaskInstance: etl_process_dag.calculate_daily_transaction_amount manual__2024-12-03T14:15:08.531519+00:00 [queued]>
[2024-12-03T14:15:17.172+0000] {taskinstance.py:2303} INFO - Starting attempt 1 of 1
[2024-12-03T14:15:17.198+0000] {taskinstance.py:2327} INFO - Executing <Task(PostgresOperator): calculate_daily_transaction_amount> on 2024-12-03 14:15:08.531519+00:00
[2024-12-03T14:15:17.209+0000] {standard_task_runner.py:63} INFO - Started process 8022 to run task
[2024-12-03T14:15:17.215+0000] {standard_task_runner.py:90} INFO - Running: ['***', 'tasks', 'run', 'etl_process_dag', 'calculate_daily_transaction_amount', 'manual__2024-12-03T14:15:08.531519+00:00', '--job-id', '189', '--raw', '--subdir', 'DAGS_FOLDER/etl_sales.py', '--cfg-path', '/tmp/tmpff6rntt1']
[2024-12-03T14:15:17.227+0000] {standard_task_runner.py:91} INFO - Job 189: Subtask calculate_daily_transaction_amount
[2024-12-03T14:15:17.312+0000] {task_command.py:426} INFO - Running <TaskInstance: etl_process_dag.calculate_daily_transaction_amount manual__2024-12-03T14:15:08.531519+00:00 [running]> on host a6f8f8b1d92d
[2024-12-03T14:15:17.739+0000] {taskinstance.py:2644} INFO - Exporting env vars: AIRFLOW_CTX_DAG_OWNER='k.norasit' AIRFLOW_CTX_DAG_ID='etl_process_dag' AIRFLOW_CTX_TASK_ID='calculate_daily_transaction_amount' AIRFLOW_CTX_EXECUTION_DATE='2024-12-03T14:15:08.531519+00:00' AIRFLOW_CTX_TRY_NUMBER='1' AIRFLOW_CTX_DAG_RUN_ID='manual__2024-12-03T14:15:08.531519+00:00'
[2024-12-03T14:15:17.741+0000] {taskinstance.py:430} INFO - ::endgroup::
[2024-12-03T14:15:17.766+0000] {sql.py:276} INFO - Executing: 
        INSERT INTO daily_transaction_amount (order_date, total_sales, min_sales, max_sales, average_sales, vat)
        SELECT order_date, SUM(quantity * amount), MIN(quantity * amount), MAX(quantity * amount),
               AVG(quantity * amount), SUM(quantity * amount) * 0.07
        FROM transaction
        GROUP BY order_date;
        
[2024-12-03T14:15:17.781+0000] {base.py:84} INFO - Using connection ID 'postgres_default' for task execution.
[2024-12-03T14:15:17.795+0000] {base.py:84} INFO - Using connection ID 'postgres_default' for task execution.
[2024-12-03T14:15:17.815+0000] {sql.py:457} INFO - Running statement: 
        INSERT INTO daily_transaction_amount (order_date, total_sales, min_sales, max_sales, average_sales, vat)
        SELECT order_date, SUM(quantity * amount), MIN(quantity * amount), MAX(quantity * amount),
               AVG(quantity * amount), SUM(quantity * amount) * 0.07
        FROM transaction
        GROUP BY order_date;
        , parameters: None
[2024-12-03T14:15:17.818+0000] {sql.py:466} INFO - Rows affected: 7
[2024-12-03T14:15:17.821+0000] {logging_mixin.py:188} WARNING - /home/***/.local/lib/python3.9/site-packages/***/providers/common/sql/hooks/sql.py:407 AirflowProviderDeprecationWarning: Call to deprecated method _make_common_data_structure. (The `_make_serializable` method is deprecated and support will be removed in a future version of the common.sql provider. Please update the DbApiHook's provider to a version based on common.sql >= 1.9.1.)
[2024-12-03T14:15:17.822+0000] {taskinstance.py:441} INFO - ::group::Post task execution logs
[2024-12-03T14:15:17.835+0000] {taskinstance.py:1205} INFO - Marking task as SUCCESS. dag_id=etl_process_dag, task_id=calculate_daily_transaction_amount, execution_date=20241203T141508, start_date=20241203T141517, end_date=20241203T141517
[2024-12-03T14:15:17.885+0000] {local_task_job_runner.py:240} INFO - Task exited with return code 0
[2024-12-03T14:15:17.925+0000] {taskinstance.py:3482} INFO - 0 downstream tasks scheduled from follow-on schedule check
[2024-12-03T14:15:17.927+0000] {local_task_job_runner.py:222} INFO - ::endgroup::
