[2024-12-03T12:29:31.876+0000] {local_task_job_runner.py:120} INFO - ::group::Pre task execution logs
[2024-12-03T12:29:31.908+0000] {taskinstance.py:2073} INFO - Dependencies all met for dep_context=non-requeueable deps ti=<TaskInstance: etl_process_dag.load_transaction_data manual__2024-12-03T12:29:26.547278+00:00 [queued]>
[2024-12-03T12:29:31.917+0000] {taskinstance.py:2073} INFO - Dependencies all met for dep_context=requeueable deps ti=<TaskInstance: etl_process_dag.load_transaction_data manual__2024-12-03T12:29:26.547278+00:00 [queued]>
[2024-12-03T12:29:31.917+0000] {taskinstance.py:2303} INFO - Starting attempt 1 of 1
[2024-12-03T12:29:31.929+0000] {taskinstance.py:2327} INFO - Executing <Task(PythonOperator): load_transaction_data> on 2024-12-03 12:29:26.547278+00:00
[2024-12-03T12:29:31.935+0000] {standard_task_runner.py:63} INFO - Started process 2784 to run task
[2024-12-03T12:29:31.940+0000] {standard_task_runner.py:90} INFO - Running: ['***', 'tasks', 'run', 'etl_process_dag', 'load_transaction_data', 'manual__2024-12-03T12:29:26.547278+00:00', '--job-id', '22', '--raw', '--subdir', 'DAGS_FOLDER/etl_sales.py', '--cfg-path', '/tmp/tmpengcrttp']
[2024-12-03T12:29:31.943+0000] {standard_task_runner.py:91} INFO - Job 22: Subtask load_transaction_data
[2024-12-03T12:29:31.992+0000] {task_command.py:426} INFO - Running <TaskInstance: etl_process_dag.load_transaction_data manual__2024-12-03T12:29:26.547278+00:00 [running]> on host a6f8f8b1d92d
[2024-12-03T12:29:32.270+0000] {taskinstance.py:2644} INFO - Exporting env vars: AIRFLOW_CTX_DAG_OWNER='k.norasit' AIRFLOW_CTX_DAG_ID='etl_process_dag' AIRFLOW_CTX_TASK_ID='load_transaction_data' AIRFLOW_CTX_EXECUTION_DATE='2024-12-03T12:29:26.547278+00:00' AIRFLOW_CTX_TRY_NUMBER='1' AIRFLOW_CTX_DAG_RUN_ID='manual__2024-12-03T12:29:26.547278+00:00'
[2024-12-03T12:29:32.271+0000] {taskinstance.py:430} INFO - ::endgroup::
[2024-12-03T12:29:32.383+0000] {taskinstance.py:441} INFO - ::group::Post task execution logs
[2024-12-03T12:29:32.384+0000] {taskinstance.py:2890} ERROR - Task failed with exception
Traceback (most recent call last):
  File "/home/airflow/.local/lib/python3.9/site-packages/airflow/models/taskinstance.py", line 465, in _execute_task
    result = _execute_callable(context=context, **execute_callable_kwargs)
  File "/home/airflow/.local/lib/python3.9/site-packages/airflow/models/taskinstance.py", line 432, in _execute_callable
    return execute_callable(context=context, **execute_callable_kwargs)
  File "/home/airflow/.local/lib/python3.9/site-packages/airflow/models/baseoperator.py", line 400, in wrapper
    return func(self, *args, **kwargs)
  File "/home/airflow/.local/lib/python3.9/site-packages/airflow/operators/python.py", line 235, in execute
    return_value = self.execute_callable()
  File "/home/airflow/.local/lib/python3.9/site-packages/airflow/operators/python.py", line 252, in execute_callable
    return self.python_callable(*self.op_args, **self.op_kwargs)
  File "/opt/airflow/dags/etl_sales.py", line 27, in load_data_from_minio_to_postgres
    obj = s3.get_object(Bucket=bucket_name, Key=file_key)
  File "/home/airflow/.local/lib/python3.9/site-packages/botocore/client.py", line 535, in _api_call
    return self._make_api_call(operation_name, kwargs)
  File "/home/airflow/.local/lib/python3.9/site-packages/botocore/client.py", line 983, in _make_api_call
    raise error_class(parsed_response, operation_name)
botocore.errorfactory.NoSuchKey: An error occurred (NoSuchKey) when calling the GetObject operation: The specified key does not exist.
[2024-12-03T12:29:32.391+0000] {taskinstance.py:1205} INFO - Marking task as FAILED. dag_id=etl_process_dag, task_id=load_transaction_data, execution_date=20241203T122926, start_date=20241203T122931, end_date=20241203T122932
[2024-12-03T12:29:32.403+0000] {standard_task_runner.py:110} ERROR - Failed to execute job 22 for task load_transaction_data (An error occurred (NoSuchKey) when calling the GetObject operation: The specified key does not exist.; 2784)
[2024-12-03T12:29:32.431+0000] {local_task_job_runner.py:240} INFO - Task exited with return code 1
[2024-12-03T12:29:32.466+0000] {logging_mixin.py:188} WARNING - /home/***/.local/lib/python3.9/site-packages/***/models/baseoperator.py:1296 AirflowProviderDeprecationWarning: Call to deprecated class PostgresOperator. (Please use `***.providers.common.sql.operators.sql.SQLExecuteQueryOperator`.Also, you can provide `hook_params={'schema': <database>}`.)
[2024-12-03T12:29:32.483+0000] {taskinstance.py:3482} INFO - 0 downstream tasks scheduled from follow-on schedule check
[2024-12-03T12:29:32.488+0000] {local_task_job_runner.py:222} INFO - ::endgroup::
