[2024-12-03T14:14:00.763+0000] {local_task_job_runner.py:120} INFO - ::group::Pre task execution logs
[2024-12-03T14:14:01.036+0000] {taskinstance.py:2073} INFO - Dependencies all met for dep_context=non-requeueable deps ti=<TaskInstance: etl_process_dag.calculate_product_sales manual__2024-12-03T14:13:52.680339+00:00 [queued]>
[2024-12-03T14:14:01.057+0000] {taskinstance.py:2073} INFO - Dependencies all met for dep_context=requeueable deps ti=<TaskInstance: etl_process_dag.calculate_product_sales manual__2024-12-03T14:13:52.680339+00:00 [queued]>
[2024-12-03T14:14:01.057+0000] {taskinstance.py:2303} INFO - Starting attempt 1 of 1
[2024-12-03T14:14:01.080+0000] {taskinstance.py:2327} INFO - Executing <Task(PostgresOperator): calculate_product_sales> on 2024-12-03 14:13:52.680339+00:00
[2024-12-03T14:14:01.090+0000] {standard_task_runner.py:63} INFO - Started process 7934 to run task
[2024-12-03T14:14:01.096+0000] {standard_task_runner.py:90} INFO - Running: ['***', 'tasks', 'run', 'etl_process_dag', 'calculate_product_sales', 'manual__2024-12-03T14:13:52.680339+00:00', '--job-id', '178', '--raw', '--subdir', 'DAGS_FOLDER/etl_sales.py', '--cfg-path', '/tmp/tmpqgv0k4vs']
[2024-12-03T14:14:01.100+0000] {standard_task_runner.py:91} INFO - Job 178: Subtask calculate_product_sales
[2024-12-03T14:14:01.182+0000] {task_command.py:426} INFO - Running <TaskInstance: etl_process_dag.calculate_product_sales manual__2024-12-03T14:13:52.680339+00:00 [running]> on host a6f8f8b1d92d
[2024-12-03T14:14:01.346+0000] {taskinstance.py:2644} INFO - Exporting env vars: AIRFLOW_CTX_DAG_OWNER='k.norasit' AIRFLOW_CTX_DAG_ID='etl_process_dag' AIRFLOW_CTX_TASK_ID='calculate_product_sales' AIRFLOW_CTX_EXECUTION_DATE='2024-12-03T14:13:52.680339+00:00' AIRFLOW_CTX_TRY_NUMBER='1' AIRFLOW_CTX_DAG_RUN_ID='manual__2024-12-03T14:13:52.680339+00:00'
[2024-12-03T14:14:01.347+0000] {taskinstance.py:430} INFO - ::endgroup::
[2024-12-03T14:14:01.361+0000] {sql.py:276} INFO - Executing: 
        INSERT INTO product_sales (product_id, total_quantity, total_sales)
        SELECT product_id, SUM(quantity), SUM(quantity * amount)
        FROM transaction
        GROUP BY product_id;
        
[2024-12-03T14:14:01.371+0000] {base.py:84} INFO - Using connection ID 'postgres_default' for task execution.
[2024-12-03T14:14:01.380+0000] {base.py:84} INFO - Using connection ID 'postgres_default' for task execution.
[2024-12-03T14:14:01.396+0000] {sql.py:457} INFO - Running statement: 
        INSERT INTO product_sales (product_id, total_quantity, total_sales)
        SELECT product_id, SUM(quantity), SUM(quantity * amount)
        FROM transaction
        GROUP BY product_id;
        , parameters: None
[2024-12-03T14:14:01.399+0000] {sql.py:466} INFO - Rows affected: 99
[2024-12-03T14:14:01.402+0000] {logging_mixin.py:188} WARNING - /home/***/.local/lib/python3.9/site-packages/***/providers/common/sql/hooks/sql.py:407 AirflowProviderDeprecationWarning: Call to deprecated method _make_common_data_structure. (The `_make_serializable` method is deprecated and support will be removed in a future version of the common.sql provider. Please update the DbApiHook's provider to a version based on common.sql >= 1.9.1.)
[2024-12-03T14:14:01.403+0000] {taskinstance.py:441} INFO - ::group::Post task execution logs
[2024-12-03T14:14:01.415+0000] {taskinstance.py:1205} INFO - Marking task as SUCCESS. dag_id=etl_process_dag, task_id=calculate_product_sales, execution_date=20241203T141352, start_date=20241203T141401, end_date=20241203T141401
[2024-12-03T14:14:01.468+0000] {local_task_job_runner.py:240} INFO - Task exited with return code 0
[2024-12-03T14:14:01.488+0000] {taskinstance.py:3482} INFO - 0 downstream tasks scheduled from follow-on schedule check
[2024-12-03T14:14:01.489+0000] {local_task_job_runner.py:222} INFO - ::endgroup::
