[2024-12-03T13:43:21.330+0000] {local_task_job_runner.py:120} INFO - ::group::Pre task execution logs
[2024-12-03T13:43:21.418+0000] {taskinstance.py:2073} INFO - Dependencies all met for dep_context=non-requeueable deps ti=<TaskInstance: etl_process_dag.create_user_info_table manual__2024-12-03T13:43:19.764413+00:00 [queued]>
[2024-12-03T13:43:21.438+0000] {taskinstance.py:2073} INFO - Dependencies all met for dep_context=requeueable deps ti=<TaskInstance: etl_process_dag.create_user_info_table manual__2024-12-03T13:43:19.764413+00:00 [queued]>
[2024-12-03T13:43:21.439+0000] {taskinstance.py:2303} INFO - Starting attempt 1 of 1
[2024-12-03T13:43:21.475+0000] {taskinstance.py:2327} INFO - Executing <Task(PostgresOperator): create_user_info_table> on 2024-12-03 13:43:19.764413+00:00
[2024-12-03T13:43:21.485+0000] {standard_task_runner.py:63} INFO - Started process 6465 to run task
[2024-12-03T13:43:21.493+0000] {standard_task_runner.py:90} INFO - Running: ['***', 'tasks', 'run', 'etl_process_dag', 'create_user_info_table', 'manual__2024-12-03T13:43:19.764413+00:00', '--job-id', '142', '--raw', '--subdir', 'DAGS_FOLDER/etl_sales.py', '--cfg-path', '/tmp/tmpnx21cxde']
[2024-12-03T13:43:21.498+0000] {standard_task_runner.py:91} INFO - Job 142: Subtask create_user_info_table
[2024-12-03T13:43:21.643+0000] {task_command.py:426} INFO - Running <TaskInstance: etl_process_dag.create_user_info_table manual__2024-12-03T13:43:19.764413+00:00 [running]> on host a6f8f8b1d92d
[2024-12-03T13:43:22.235+0000] {taskinstance.py:2644} INFO - Exporting env vars: AIRFLOW_CTX_DAG_OWNER='k.norasit' AIRFLOW_CTX_DAG_ID='etl_process_dag' AIRFLOW_CTX_TASK_ID='create_user_info_table' AIRFLOW_CTX_EXECUTION_DATE='2024-12-03T13:43:19.764413+00:00' AIRFLOW_CTX_TRY_NUMBER='1' AIRFLOW_CTX_DAG_RUN_ID='manual__2024-12-03T13:43:19.764413+00:00'
[2024-12-03T13:43:22.238+0000] {taskinstance.py:430} INFO - ::endgroup::
[2024-12-03T13:43:22.284+0000] {sql.py:276} INFO - Executing: 
        CREATE TABLE IF NOT EXISTS user_info (
            user_id INT PRIMARY KEY,
            age INT,
            gender CHAR(1),
            location VARCHAR(50)
        );
        
[2024-12-03T13:43:22.320+0000] {base.py:84} INFO - Using connection ID 'postgres_default' for task execution.
[2024-12-03T13:43:22.356+0000] {base.py:84} INFO - Using connection ID 'postgres_default' for task execution.
[2024-12-03T13:43:22.411+0000] {sql.py:457} INFO - Running statement: 
        CREATE TABLE IF NOT EXISTS user_info (
            user_id INT PRIMARY KEY,
            age INT,
            gender CHAR(1),
            location VARCHAR(50)
        );
        , parameters: None
[2024-12-03T13:43:22.425+0000] {logging_mixin.py:188} WARNING - /home/***/.local/lib/python3.9/site-packages/***/providers/common/sql/hooks/sql.py:407 AirflowProviderDeprecationWarning: Call to deprecated method _make_common_data_structure. (The `_make_serializable` method is deprecated and support will be removed in a future version of the common.sql provider. Please update the DbApiHook's provider to a version based on common.sql >= 1.9.1.)
[2024-12-03T13:43:22.433+0000] {taskinstance.py:441} INFO - ::group::Post task execution logs
[2024-12-03T13:43:22.453+0000] {taskinstance.py:1205} INFO - Marking task as SUCCESS. dag_id=etl_process_dag, task_id=create_user_info_table, execution_date=20241203T134319, start_date=20241203T134321, end_date=20241203T134322
[2024-12-03T13:43:22.530+0000] {local_task_job_runner.py:240} INFO - Task exited with return code 0
[2024-12-03T13:43:22.554+0000] {logging_mixin.py:188} WARNING - /home/***/.local/lib/python3.9/site-packages/***/models/baseoperator.py:1296 AirflowProviderDeprecationWarning: Call to deprecated class PostgresOperator. (Please use `***.providers.common.sql.operators.sql.SQLExecuteQueryOperator`.Also, you can provide `hook_params={'schema': <database>}`.)
[2024-12-03T13:43:22.589+0000] {taskinstance.py:3482} INFO - 0 downstream tasks scheduled from follow-on schedule check
[2024-12-03T13:43:22.591+0000] {local_task_job_runner.py:222} INFO - ::endgroup::
