[2024-12-03T13:37:31.818+0000] {local_task_job_runner.py:120} INFO - ::group::Pre task execution logs
[2024-12-03T13:37:31.897+0000] {taskinstance.py:2073} INFO - Dependencies all met for dep_context=non-requeueable deps ti=<TaskInstance: etl_process_dag.calculate_user_location_sales manual__2024-12-03T13:37:23.823829+00:00 [queued]>
[2024-12-03T13:37:31.916+0000] {taskinstance.py:2073} INFO - Dependencies all met for dep_context=requeueable deps ti=<TaskInstance: etl_process_dag.calculate_user_location_sales manual__2024-12-03T13:37:23.823829+00:00 [queued]>
[2024-12-03T13:37:31.917+0000] {taskinstance.py:2303} INFO - Starting attempt 1 of 1
[2024-12-03T13:37:31.942+0000] {taskinstance.py:2327} INFO - Executing <Task(PostgresOperator): calculate_user_location_sales> on 2024-12-03 13:37:23.823829+00:00
[2024-12-03T13:37:31.951+0000] {standard_task_runner.py:63} INFO - Started process 6167 to run task
[2024-12-03T13:37:31.957+0000] {standard_task_runner.py:90} INFO - Running: ['***', 'tasks', 'run', 'etl_process_dag', 'calculate_user_location_sales', 'manual__2024-12-03T13:37:23.823829+00:00', '--job-id', '130', '--raw', '--subdir', 'DAGS_FOLDER/etl_sales.py', '--cfg-path', '/tmp/tmp_3igt6df']
[2024-12-03T13:37:31.960+0000] {standard_task_runner.py:91} INFO - Job 130: Subtask calculate_user_location_sales
[2024-12-03T13:37:32.032+0000] {task_command.py:426} INFO - Running <TaskInstance: etl_process_dag.calculate_user_location_sales manual__2024-12-03T13:37:23.823829+00:00 [running]> on host a6f8f8b1d92d
[2024-12-03T13:37:32.437+0000] {taskinstance.py:2644} INFO - Exporting env vars: AIRFLOW_CTX_DAG_OWNER='k.norasit' AIRFLOW_CTX_DAG_ID='etl_process_dag' AIRFLOW_CTX_TASK_ID='calculate_user_location_sales' AIRFLOW_CTX_EXECUTION_DATE='2024-12-03T13:37:23.823829+00:00' AIRFLOW_CTX_TRY_NUMBER='1' AIRFLOW_CTX_DAG_RUN_ID='manual__2024-12-03T13:37:23.823829+00:00'
[2024-12-03T13:37:32.439+0000] {taskinstance.py:430} INFO - ::endgroup::
[2024-12-03T13:37:32.460+0000] {sql.py:276} INFO - Executing: 
        INSERT INTO user_location_sales (location, gender, total_sales, min_sales, max_sales, average_sales)
        SELECT ui.location, ui.gender, SUM(t.quantity * t.amount),
               MIN(t.quantity * t.amount), MAX(t.quantity * t.amount), AVG(t.quantity * t.amount)
        FROM transaction t
        JOIN user_info ui ON t.user_id = ui.user_id
        GROUP BY ui.location, ui.gender;
        
[2024-12-03T13:37:32.475+0000] {base.py:84} INFO - Using connection ID 'postgres_default' for task execution.
[2024-12-03T13:37:32.488+0000] {base.py:84} INFO - Using connection ID 'postgres_default' for task execution.
[2024-12-03T13:37:32.510+0000] {sql.py:457} INFO - Running statement: 
        INSERT INTO user_location_sales (location, gender, total_sales, min_sales, max_sales, average_sales)
        SELECT ui.location, ui.gender, SUM(t.quantity * t.amount),
               MIN(t.quantity * t.amount), MAX(t.quantity * t.amount), AVG(t.quantity * t.amount)
        FROM transaction t
        JOIN user_info ui ON t.user_id = ui.user_id
        GROUP BY ui.location, ui.gender;
        , parameters: None
[2024-12-03T13:37:32.515+0000] {sql.py:466} INFO - Rows affected: 12
[2024-12-03T13:37:32.517+0000] {logging_mixin.py:188} WARNING - /home/***/.local/lib/python3.9/site-packages/***/providers/common/sql/hooks/sql.py:407 AirflowProviderDeprecationWarning: Call to deprecated method _make_common_data_structure. (The `_make_serializable` method is deprecated and support will be removed in a future version of the common.sql provider. Please update the DbApiHook's provider to a version based on common.sql >= 1.9.1.)
[2024-12-03T13:37:32.519+0000] {taskinstance.py:441} INFO - ::group::Post task execution logs
[2024-12-03T13:37:32.532+0000] {taskinstance.py:1205} INFO - Marking task as SUCCESS. dag_id=etl_process_dag, task_id=calculate_user_location_sales, execution_date=20241203T133723, start_date=20241203T133731, end_date=20241203T133732
[2024-12-03T13:37:32.575+0000] {local_task_job_runner.py:240} INFO - Task exited with return code 0
[2024-12-03T13:37:32.605+0000] {taskinstance.py:3482} INFO - 0 downstream tasks scheduled from follow-on schedule check
[2024-12-03T13:37:32.606+0000] {local_task_job_runner.py:222} INFO - ::endgroup::
